<?xml version="1.0" encoding="UTF-8"?>
<!-- Generated by org.testng.reporters.JUnitReportReporter -->
<testsuite hostname="DESKTOP-4HAEB1C" failures="0" tests="1" name="test.Sample3" time="0.004" errors="0" timestamp="2023-01-02T05:59:07 IST" skipped="0">
  <testcase classname="test.Sample3" name="tc03" time="0.004"/>
  <system-out/>
</testsuite> <!-- test.Sample3 -->
