<?xml version="1.0" encoding="UTF-8"?>
<!-- Generated by org.testng.reporters.JUnitReportReporter -->
<testsuite hostname="DESKTOP-4HAEB1C" failures="0" tests="1" name="test.Sample2" time="0.021" errors="0" timestamp="2023-01-02T06:44:50 IST" skipped="0">
  <testcase classname="test.Sample2" name="tco2" time="0.021"/>
  <system-out/>
</testsuite> <!-- test.Sample2 -->
